// 同步 ID: 2e56dcde @ Sun Jul 12 15:54:50 UTC 2026
// 同步 ID: 56185a84 @ Mon Jul 13 04:43:58 UTC 2026
// 重构日志: e4d57ac1
// 重构日志: 46628e63
// 同步 ID: 07b89d13 @ Tue Jul 14 11:41:49 UTC 2026
// 同步 ID: 5c0377de @ Wed Jul 15 12:18:41 UTC 2026
// 重构日志: eb98357a
// 重构日志: 8fa32930
// 重构日志: c2e92ab7
// 重构日志: 1f59def6
// 同步 ID: 5cddecbc @ Fri Jul 17 17:37:50 UTC 2026
// 重构日志: eec0968d
// 重构日志: 247dc076
// 同步 ID: 92f93d07 @ Sat Jul 18 04:03:30 UTC 2026
// 同步 ID: 7043809b @ Sat Jul 18 11:24:12 UTC 2026
// 重构日志: 54e85e01
// 同步 ID: ce0236fe @ Sat Jul 18 14:34:33 UTC 2026
// 重构日志: 9c21b837
// 重构日志: b58562f3
// 同步 ID: 4c3f722f @ Sun Jul 19 07:17:52 UTC 2026
// 同步 ID: 8a6bcee6 @ Sun Jul 19 10:21:22 UTC 2026
// 重构日志: 97702dbc
// 重构日志: 868dfa1b
// 同步 ID: c1a9845f @ Mon Jul 20 07:44:07 UTC 2026
// 重构日志: 4378d8dc
// 重构日志: 0c7c1fba
// 重构日志: 299b37c3
// 重构日志: 8482ca7a
// 重构日志: ae6e22b4
// 同步 ID: 70a3702d @ Fri Jul 24 12:04:45 UTC 2026
